info:  Game: Adobe Spaces Helper.exe
info:  DXVK: v2.1
info:  Built-in extension providers:
info:    Win32 WSI
info:    OpenVR
info:    OpenXR
info:  OpenVR: could not open registry key, status 2
info:  OpenVR: Failed to locate module
info:  Vulkan: Found vkGetInstanceProcAddr in winevulkan.dll @ 0x2d4ad3eb0
info:  Enabled instance extensions:
info:    VK_KHR_get_surface_capabilities2
info:    VK_KHR_surface
info:    VK_KHR_win32_surface
warn:  Skipping CPU adapter: llvmpipe (LLVM 15.0.6, 256 bits)
info:  NVIDIA GeForce GTX 1050 Ti with Max-Q Design:
info:    Driver: 510.108.3
info:    Vulkan: 1.3.194
info:    Memory Heap[0]: 
info:      Size: 4096 MiB
info:      Flags: 0x1
info:      Memory Type[7]: Property Flags = 0x1
info:    Memory Heap[1]: 
info:      Size: 17816 MiB
info:      Flags: 0x0
info:      Memory Type[0]: Property Flags = 0x0
info:      Memory Type[1]: Property Flags = 0x0
info:      Memory Type[2]: Property Flags = 0x0
info:      Memory Type[3]: Property Flags = 0x0
info:      Memory Type[4]: Property Flags = 0x0
info:      Memory Type[5]: Property Flags = 0x0
info:      Memory Type[6]: Property Flags = 0x0
info:      Memory Type[8]: Property Flags = 0x6
info:      Memory Type[9]: Property Flags = 0xe
info:    Memory Heap[2]: 
info:      Size: 246 MiB
info:      Flags: 0x1
info:      Memory Type[10]: Property Flags = 0x7
info:  Intel(R) UHD Graphics 630 (CFL GT2):
info:    Driver: 22.2.5
info:    Vulkan: 1.3.224
info:    Memory Heap[0]: 
info:      Size: 17816 MiB
info:      Flags: 0x1
info:      Memory Type[0]: Property Flags = 0xf
info:  DXGI: NvAPI workaround enabled, reporting AMD GPU
info:  Adapter LUID 0: 0:418
info:  Game: Adobe Spaces Helper.exe
info:  DXVK: v2.1
info:  Built-in extension providers:
info:    Win32 WSI
info:    OpenVR
info:    OpenXR
info:  OpenVR: could not open registry key, status 2
info:  OpenVR: Failed to locate module
info:  Vulkan: Found vkGetInstanceProcAddr in winevulkan.dll @ 0x2d4ad3eb0
info:  Enabled instance extensions:
info:    VK_KHR_get_surface_capabilities2
info:    VK_KHR_surface
info:    VK_KHR_win32_surface
warn:  Skipping CPU adapter: llvmpipe (LLVM 15.0.6, 256 bits)
info:  NVIDIA GeForce GTX 1050 Ti with Max-Q Design:
info:    Driver: 510.108.3
info:    Vulkan: 1.3.194
info:    Memory Heap[0]: 
info:      Size: 4096 MiB
info:      Flags: 0x1
info:      Memory Type[7]: Property Flags = 0x1
info:    Memory Heap[1]: 
info:      Size: 17816 MiB
info:      Flags: 0x0
info:      Memory Type[0]: Property Flags = 0x0
info:      Memory Type[1]: Property Flags = 0x0
info:      Memory Type[2]: Property Flags = 0x0
info:      Memory Type[3]: Property Flags = 0x0
info:      Memory Type[4]: Property Flags = 0x0
info:      Memory Type[5]: Property Flags = 0x0
info:      Memory Type[6]: Property Flags = 0x0
info:      Memory Type[8]: Property Flags = 0x6
info:      Memory Type[9]: Property Flags = 0xe
info:    Memory Heap[2]: 
info:      Size: 246 MiB
info:      Flags: 0x1
info:      Memory Type[10]: Property Flags = 0x7
info:  Intel(R) UHD Graphics 630 (CFL GT2):
info:    Driver: 22.2.5
info:    Vulkan: 1.3.224
info:    Memory Heap[0]: 
info:      Size: 17816 MiB
info:      Flags: 0x1
info:      Memory Type[0]: Property Flags = 0xf
info:  DXGI: NvAPI workaround enabled, reporting AMD GPU
